[2016-08-12 02:54:09] - User choose English
[2016-08-12 02:54:09] - User enter in main menu.
[2016-08-12 02:54:10] - User enter 0 (Menu.exit)
[2016-08-12 02:56:42] - User choose Belarussian
[2016-08-12 02:56:42] - User enter in main menu.
[2016-08-12 02:56:47] - User enter 6 (Menu.filterByFuelCompsumtion)
[2016-08-12 02:56:52] - User searching arirplanes with fuel consumption from 7000.0 to 12500.0
[2016-08-12 02:56:52] - User enter in main menu.
[2016-08-12 02:56:56] - User enter 5 (Menu.sortByFlightRange)
[2016-08-12 02:56:56] - User enter in main menu.
[2016-08-12 02:56:58] - User enter 0 (Menu.exit)
[2016-08-12 02:57:28] - User choose Russian
[2016-08-12 02:57:28] - User enter in main menu.
[2016-08-12 02:57:32] - ERROR: Wrong user choice
[2016-08-12 02:57:32] - User enter in main menu.
[2016-08-12 02:57:35] - ERROR: Wrong user choice
[2016-08-12 02:57:35] - User enter in main menu.
[2016-08-12 02:57:41] - User enter 4 (Menu.totalCapacity)
[2016-08-12 02:57:41] - User enter in main menu.
[2016-08-12 02:57:44] - User enter 0 (Menu.exit)
